2026-02-27 00:25:01,759 INFO modules.rs_ranking [RS] Fetching stock universe (this may take 30-60s)...
2026-02-27 00:25:01,759 INFO modules.rs_ranking [RS] Fetching stock universe (this may take 30-60s)...
2026-02-27 00:27:05,603 INFO modules.rs_ranking [RS] Universe size: 1769 tickers
2026-02-27 00:27:05,603 INFO modules.rs_ranking [RS] Universe size: 1769 tickers
2026-02-27 00:27:05,605 INFO modules.rs_ranking [RS] Downloading 1-year history for 1769 tickers in batches of 100...
2026-02-27 00:27:05,605 INFO modules.rs_ranking [RS] Downloading 1-year history for 1769 tickers in batches of 100...
2026-02-27 00:27:05,605 DEBUG modules.rs_ranking [RS] Batch 1/18 (100 tickers)...
2026-02-27 00:27:05,605 DEBUG modules.rs_ranking [RS] Batch 1/18 (100 tickers)...
2026-02-27 00:27:11,198 DEBUG modules.rs_ranking [RS] Batch 2/18 (100 tickers)...
2026-02-27 00:27:11,198 DEBUG modules.rs_ranking [RS] Batch 2/18 (100 tickers)...
2026-02-27 00:27:14,201 DEBUG modules.rs_ranking [RS] Batch 3/18 (100 tickers)...
2026-02-27 00:27:14,201 DEBUG modules.rs_ranking [RS] Batch 3/18 (100 tickers)...
2026-02-27 00:27:17,268 DEBUG modules.rs_ranking [RS] Batch 4/18 (100 tickers)...
2026-02-27 00:27:17,268 DEBUG modules.rs_ranking [RS] Batch 4/18 (100 tickers)...
2026-02-27 00:27:20,129 DEBUG modules.rs_ranking [RS] Batch 5/18 (100 tickers)...
2026-02-27 00:27:20,129 DEBUG modules.rs_ranking [RS] Batch 5/18 (100 tickers)...
2026-02-27 00:27:23,170 DEBUG modules.rs_ranking [RS] Batch 6/18 (100 tickers)...
2026-02-27 00:27:23,170 DEBUG modules.rs_ranking [RS] Batch 6/18 (100 tickers)...
2026-02-27 00:27:26,136 DEBUG modules.rs_ranking [RS] Batch 7/18 (100 tickers)...
2026-02-27 00:27:26,136 DEBUG modules.rs_ranking [RS] Batch 7/18 (100 tickers)...
2026-02-27 00:27:29,206 DEBUG modules.rs_ranking [RS] Batch 8/18 (100 tickers)...
2026-02-27 00:27:29,206 DEBUG modules.rs_ranking [RS] Batch 8/18 (100 tickers)...
2026-02-27 00:27:32,232 DEBUG modules.rs_ranking [RS] Batch 9/18 (100 tickers)...
2026-02-27 00:27:32,232 DEBUG modules.rs_ranking [RS] Batch 9/18 (100 tickers)...
2026-02-27 00:27:35,190 DEBUG modules.rs_ranking [RS] Batch 10/18 (100 tickers)...
2026-02-27 00:27:35,190 DEBUG modules.rs_ranking [RS] Batch 10/18 (100 tickers)...
2026-02-27 00:27:38,319 DEBUG modules.rs_ranking [RS] Batch 11/18 (100 tickers)...
2026-02-27 00:27:38,319 DEBUG modules.rs_ranking [RS] Batch 11/18 (100 tickers)...
2026-02-27 00:27:41,055 DEBUG modules.rs_ranking [RS] Batch 12/18 (100 tickers)...
2026-02-27 00:27:41,055 DEBUG modules.rs_ranking [RS] Batch 12/18 (100 tickers)...
2026-02-27 00:27:43,557 DEBUG modules.rs_ranking [RS] Batch 13/18 (100 tickers)...
2026-02-27 00:27:43,557 DEBUG modules.rs_ranking [RS] Batch 13/18 (100 tickers)...
2026-02-27 00:27:46,285 DEBUG modules.rs_ranking [RS] Batch 14/18 (100 tickers)...
2026-02-27 00:27:46,285 DEBUG modules.rs_ranking [RS] Batch 14/18 (100 tickers)...
2026-02-27 00:27:53,898 DEBUG modules.rs_ranking [RS] Batch 15/18 (100 tickers)...
2026-02-27 00:27:53,898 DEBUG modules.rs_ranking [RS] Batch 15/18 (100 tickers)...
2026-02-27 00:27:56,412 DEBUG modules.rs_ranking [RS] Batch 16/18 (100 tickers)...
2026-02-27 00:27:56,412 DEBUG modules.rs_ranking [RS] Batch 16/18 (100 tickers)...
2026-02-27 00:28:02,809 DEBUG modules.rs_ranking [RS] Batch 17/18 (100 tickers)...
2026-02-27 00:28:02,809 DEBUG modules.rs_ranking [RS] Batch 17/18 (100 tickers)...
2026-02-27 00:28:05,291 DEBUG modules.rs_ranking [RS] Batch 18/18 (69 tickers)...
2026-02-27 00:28:05,291 DEBUG modules.rs_ranking [RS] Batch 18/18 (69 tickers)...
2026-02-27 00:28:06,416 INFO modules.rs_ranking [RS] Downloaded price data for 1764 tickers
2026-02-27 00:28:06,416 INFO modules.rs_ranking [RS] Downloaded price data for 1764 tickers
2026-02-27 00:28:06,491 INFO modules.rs_ranking [RS] Saved RS rankings for 1748 tickers -> C:\Users\t-way\Desktop\stocklab\data\rs_cache.csv
2026-02-27 00:28:06,491 INFO modules.rs_ranking [RS] Saved RS rankings for 1748 tickers -> C:\Users\t-way\Desktop\stocklab\data\rs_cache.csv
2026-02-27 00:28:06,495 INFO modules.screener [Timing] RS load: 184.7s
2026-02-27 00:28:06,495 INFO modules.screener [Timing] RS load: 184.7s
2026-02-27 00:28:07,697 WARNING modules.data_pipeline get_universe error: Invalid filter option 'Over 10%'. Possible filter options: ['Any', 'Positive (>0%)', 'Negative (<0%)', 'Very Positive (>30%)', 'Very Negative (', 'Under -50%', 'Under -45%', 'Under -40%', 'Under -35%', 'Under -30%', 'Under -25%', 'Under -20%', 'Under -15%', 'Under -10%', 'Under -5%', 'Over +5%', 'Over +10%', 'Over +15%', 'Over +20%', 'Over +25%', 'Over +30%', 'Over +35%', 'Over +40%', 'Over +45%', 'Over +50%']
2026-02-27 00:28:07,697 WARNING modules.data_pipeline get_universe error: Invalid filter option 'Over 10%'. Possible filter options: ['Any', 'Positive (>0%)', 'Negative (<0%)', 'Very Positive (>30%)', 'Very Negative (', 'Under -50%', 'Under -45%', 'Under -40%', 'Under -35%', 'Under -30%', 'Under -25%', 'Under -20%', 'Under -15%', 'Under -10%', 'Under -5%', 'Over +5%', 'Over +10%', 'Over +15%', 'Over +20%', 'Over +25%', 'Over +30%', 'Over +35%', 'Over +40%', 'Over +45%', 'Over +50%']
